<?xml version="1.0" encoding="UTF-8"?>
<!-- Generated by org.testng.reporters.JUnitReportReporter -->
<testsuite hostname="7039972c2426" failures="0" tests="5" name="com.searchmodule.tests.SearchTest" time="400.920" errors="0" timestamp="2023-04-29T02:54:10 GMT" skipped="0">
  <testcase classname="com.searchmodule.tests.SearchTest" name="search" time="68.870"/>
  <system-out/>
  <testcase classname="com.searchmodule.tests.SearchTest" name="search" time="74.603"/>
  <system-out/>
  <testcase classname="com.searchmodule.tests.SearchTest" name="search" time="87.553"/>
  <system-out/>
  <testcase classname="com.searchmodule.tests.SearchTest" name="search" time="106.853"/>
  <system-out/>
  <testcase classname="com.searchmodule.tests.SearchTest" name="search" time="63.041"/>
  <system-out/>
</testsuite> <!-- com.searchmodule.tests.SearchTest -->
